<?xml version="1.0" encoding="UTF-8"?>
<testsuite xmlns:xsi="http://www.w3.org/2001/XMLSchema-instance" xsi:noNamespaceSchemaLocation="https://maven.apache.org/surefire/maven-surefire-plugin/xsd/surefire-test-report-3.0.xsd" version="3.0" name="com.cocus.andy.sample.TestStandardMyService" time="0.143" tests="1" errors="0" skipped="0" failures="0">
  <properties>
    <property name="java.specification.version" value="18"/>
    <property name="sun.jnu.encoding" value="UTF-8"/>
    <property name="java.class.path" value="/Users/ching-anwu/sample-controller/nifi-sample/target/test-classes:/Users/ching-anwu/sample-controller/nifi-sample/target/classes:/Users/ching-anwu/sample-controller/nifi-sample-api/target/nifi-sample-api-1.0.jar:/Users/ching-anwu/.m2/repository/org/apache/nifi/nifi-api/1.16.3/nifi-api-1.16.3.jar:/Users/ching-anwu/.m2/repository/org/apache/nifi/nifi-mock/1.16.3/nifi-mock-1.16.3.jar:/Users/ching-anwu/.m2/repository/org/apache/nifi/nifi-framework-api/1.16.3/nifi-framework-api-1.16.3.jar:/Users/ching-anwu/.m2/repository/org/apache/nifi/nifi-parameter/1.16.3/nifi-parameter-1.16.3.jar:/Users/ching-anwu/.m2/repository/org/apache/nifi/nifi-utils/1.16.3/nifi-utils-1.16.3.jar:/Users/ching-anwu/.m2/repository/org/apache/nifi/nifi-framework-core-api/1.16.3/nifi-framework-core-api-1.16.3.jar:/Users/ching-anwu/.m2/repository/org/apache/nifi/nifi-framework-nar-utils/1.16.3/nifi-framework-nar-utils-1.16.3.jar:/Users/ching-anwu/.m2/repository/org/apache/nifi/nifi-runtime-manifest-core/1.16.3/nifi-runtime-manifest-core-1.16.3.jar:/Users/ching-anwu/.m2/repository/org/apache/nifi/nifi-extension-manifest-parser/1.16.3/nifi-extension-manifest-parser-1.16.3.jar:/Users/ching-anwu/.m2/repository/org/apache/nifi/nifi-client-dto/1.16.3/nifi-client-dto-1.16.3.jar:/Users/ching-anwu/.m2/repository/io/swagger/swagger-annotations/1.6.0/swagger-annotations-1.6.0.jar:/Users/ching-anwu/.m2/repository/org/apache/nifi/c2-protocol-component-api/1.16.3/c2-protocol-component-api-1.16.3.jar:/Users/ching-anwu/.m2/repository/org/apache/nifi/nifi-site-to-site-client/1.16.3/nifi-site-to-site-client-1.16.3.jar:/Users/ching-anwu/.m2/repository/org/apache/nifi/nifi-security-utils/1.16.3/nifi-security-utils-1.16.3.jar:/Users/ching-anwu/.m2/repository/org/apache/nifi/nifi-security-utils-api/1.16.3/nifi-security-utils-api-1.16.3.jar:/Users/ching-anwu/.m2/repository/org/bouncycastle/bcprov-jdk15on/1.70/bcprov-jdk15on-1.70.jar:/Users/ching-anwu/.m2/repository/org/bouncycastle/bcpkix-jdk15on/1.70/bcpkix-jdk15on-1.70.jar:/Users/ching-anwu/.m2/repository/org/bouncycastle/bcutil-jdk15on/1.70/bcutil-jdk15on-1.70.jar:/Users/ching-anwu/.m2/repository/org/apache/nifi/nifi-properties/1.16.3/nifi-properties-1.16.3.jar:/Users/ching-anwu/.m2/repository/org/apache/nifi/nifi-property-utils/1.16.3/nifi-property-utils-1.16.3.jar:/Users/ching-anwu/.m2/repository/at/favre/lib/bcrypt/0.9.0/bcrypt-0.9.0.jar:/Users/ching-anwu/.m2/repository/at/favre/lib/bytes/1.3.0/bytes-1.3.0.jar:/Users/ching-anwu/.m2/repository/org/apache/nifi/nifi-xml-processing/1.16.3/nifi-xml-processing-1.16.3.jar:/Users/ching-anwu/.m2/repository/org/apache/httpcomponents/client5/httpclient5/5.0-beta4/httpclient5-5.0-beta4.jar:/Users/ching-anwu/.m2/repository/org/apache/httpcomponents/core5/httpcore5/5.0-beta7/httpcore5-5.0-beta7.jar:/Users/ching-anwu/.m2/repository/org/apache/httpcomponents/core5/httpcore5-h2/5.0-beta7/httpcore5-h2-5.0-beta7.jar:/Users/ching-anwu/.m2/repository/org/apache/httpcomponents/httpasyncclient/4.1.4/httpasyncclient-4.1.4.jar:/Users/ching-anwu/.m2/repository/org/apache/httpcomponents/httpcore/4.4.15/httpcore-4.4.15.jar:/Users/ching-anwu/.m2/repository/org/apache/httpcomponents/httpcore-nio/4.4.10/httpcore-nio-4.4.10.jar:/Users/ching-anwu/.m2/repository/org/apache/httpcomponents/httpclient/4.5.13/httpclient-4.5.13.jar:/Users/ching-anwu/.m2/repository/org/apache/nifi/nifi-framework-authorization/1.16.3/nifi-framework-authorization-1.16.3.jar:/Users/ching-anwu/.m2/repository/org/apache/nifi/registry/nifi-registry-data-model/1.16.3/nifi-registry-data-model-1.16.3.jar:/Users/ching-anwu/.m2/repository/javax/validation/validation-api/2.0.1.Final/validation-api-2.0.1.Final.jar:/Users/ching-anwu/.m2/repository/javax/ws/rs/javax.ws.rs-api/2.1/javax.ws.rs-api-2.1.jar:/Users/ching-anwu/.m2/repository/org/apache/nifi/registry/nifi-registry-revision-entity-model/1.16.3/nifi-registry-revision-entity-model-1.16.3.jar:/Users/ching-anwu/.m2/repository/org/apache/nifi/nifi-extension-manifest-model/1.16.3/nifi-extension-manifest-model-1.16.3.jar:/Users/ching-anwu/.m2/repository/org/apache/nifi/registry/nifi-registry-client/1.16.3/nifi-registry-client-1.16.3.jar:/Users/ching-anwu/.m2/repository/org/apache/nifi/registry/nifi-registry-security-utils/1.16.3/nifi-registry-security-utils-1.16.3.jar:/Users/ching-anwu/.m2/repository/org/glassfish/jersey/core/jersey-client/2.35/jersey-client-2.35.jar:/Users/ching-anwu/.m2/repository/jakarta/ws/rs/jakarta.ws.rs-api/2.1.6/jakarta.ws.rs-api-2.1.6.jar:/Users/ching-anwu/.m2/repository/org/glassfish/hk2/external/jakarta.inject/2.6.1/jakarta.inject-2.6.1.jar:/Users/ching-anwu/.m2/repository/org/glassfish/jersey/media/jersey-media-json-jackson/2.35/jersey-media-json-jackson-2.35.jar:/Users/ching-anwu/.m2/repository/org/glassfish/jersey/ext/jersey-entity-filtering/2.35/jersey-entity-filtering-2.35.jar:/Users/ching-anwu/.m2/repository/com/fasterxml/jackson/module/jackson-module-jaxb-annotations/2.13.2/jackson-module-jaxb-annotations-2.13.2.jar:/Users/ching-anwu/.m2/repository/org/glassfish/jersey/inject/jersey-hk2/2.35/jersey-hk2-2.35.jar:/Users/ching-anwu/.m2/repository/org/glassfish/hk2/hk2-locator/2.6.1/hk2-locator-2.6.1.jar:/Users/ching-anwu/.m2/repository/org/glassfish/hk2/external/aopalliance-repackaged/2.6.1/aopalliance-repackaged-2.6.1.jar:/Users/ching-anwu/.m2/repository/org/glassfish/hk2/hk2-api/2.6.1/hk2-api-2.6.1.jar:/Users/ching-anwu/.m2/repository/org/glassfish/hk2/hk2-utils/2.6.1/hk2-utils-2.6.1.jar:/Users/ching-anwu/.m2/repository/org/javassist/javassist/3.25.0-GA/javassist-3.25.0-GA.jar:/Users/ching-anwu/.m2/repository/org/glassfish/jersey/core/jersey-common/2.35/jersey-common-2.35.jar:/Users/ching-anwu/.m2/repository/jakarta/annotation/jakarta.annotation-api/1.3.5/jakarta.annotation-api-1.3.5.jar:/Users/ching-anwu/.m2/repository/org/glassfish/hk2/osgi-resource-locator/1.0.3/osgi-resource-locator-1.0.3.jar:/Users/ching-anwu/.m2/repository/org/glassfish/jersey/media/jersey-media-multipart/2.35/jersey-media-multipart-2.35.jar:/Users/ching-anwu/.m2/repository/org/jvnet/mimepull/mimepull/1.9.13/mimepull-1.9.13.jar:/Users/ching-anwu/.m2/repository/org/apache/nifi/nifi-expression-language/1.16.3/nifi-expression-language-1.16.3.jar:/Users/ching-anwu/.m2/repository/org/antlr/antlr-runtime/3.5.2/antlr-runtime-3.5.2.jar:/Users/ching-anwu/.m2/repository/org/apache/nifi/nifi-uuid5/1.16.3/nifi-uuid5-1.16.3.jar:/Users/ching-anwu/.m2/repository/com/jayway/jsonpath/json-path/2.6.0/json-path-2.6.0.jar:/Users/ching-anwu/.m2/repository/net/minidev/json-smart/2.4.8/json-smart-2.4.8.jar:/Users/ching-anwu/.m2/repository/net/minidev/accessors-smart/2.4.8/accessors-smart-2.4.8.jar:/Users/ching-anwu/.m2/repository/org/ow2/asm/asm/9.1/asm-9.1.jar:/Users/ching-anwu/.m2/repository/org/apache/commons/commons-text/1.8/commons-text-1.8.jar:/Users/ching-anwu/.m2/repository/commons-codec/commons-codec/1.15/commons-codec-1.15.jar:/Users/ching-anwu/.m2/repository/org/apache/nifi/nifi-data-provenance-utils/1.16.3/nifi-data-provenance-utils-1.16.3.jar:/Users/ching-anwu/.m2/repository/org/slf4j/slf4j-simple/1.7.36/slf4j-simple-1.7.36.jar:/Users/ching-anwu/.m2/repository/org/slf4j/slf4j-api/1.7.36/slf4j-api-1.7.36.jar:/Users/ching-anwu/.m2/repository/org/junit/jupiter/junit-jupiter-api/5.8.2/junit-jupiter-api-5.8.2.jar:/Users/ching-anwu/.m2/repository/org/opentest4j/opentest4j/1.2.0/opentest4j-1.2.0.jar:/Users/ching-anwu/.m2/repository/org/junit/platform/junit-platform-commons/1.8.2/junit-platform-commons-1.8.2.jar:/Users/ching-anwu/.m2/repository/org/apiguardian/apiguardian-api/1.1.2/apiguardian-api-1.1.2.jar:/Users/ching-anwu/.m2/repository/org/junit/jupiter/junit-jupiter-engine/5.8.2/junit-jupiter-engine-5.8.2.jar:/Users/ching-anwu/.m2/repository/org/junit/platform/junit-platform-engine/1.8.2/junit-platform-engine-1.8.2.jar:/Users/ching-anwu/.m2/repository/org/apache/nifi/nifi-processor-utils/1.15.3/nifi-processor-utils-1.15.3.jar:/Users/ching-anwu/.m2/repository/org/apache/nifi/nifi-security-socket-ssl/1.15.3/nifi-security-socket-ssl-1.15.3.jar:/Users/ching-anwu/.m2/repository/commons-io/commons-io/2.10.0/commons-io-2.10.0.jar:/Users/ching-anwu/.m2/repository/org/apache/commons/commons-lang3/3.12.0/commons-lang3-3.12.0.jar:/Users/ching-anwu/.m2/repository/com/fasterxml/jackson/core/jackson-databind/2.13.2.2/jackson-databind-2.13.2.2.jar:/Users/ching-anwu/.m2/repository/com/fasterxml/jackson/core/jackson-annotations/2.13.2/jackson-annotations-2.13.2.jar:/Users/ching-anwu/.m2/repository/com/fasterxml/jackson/core/jackson-core/2.13.2/jackson-core-2.13.2.jar:/Users/ching-anwu/.m2/repository/org/apache/nifi/nifi-record-serialization-service-api/1.16.3/nifi-record-serialization-service-api-1.16.3.jar:/Users/ching-anwu/.m2/repository/org/apache/nifi/nifi-record/1.16.3/nifi-record-1.16.3.jar:/Users/ching-anwu/.m2/repository/org/apache/nifi/nifi-event-transport/1.15.3/nifi-event-transport-1.15.3.jar:/Users/ching-anwu/.m2/repository/io/netty/netty-handler/4.1.77.Final/netty-handler-4.1.77.Final.jar:/Users/ching-anwu/.m2/repository/io/netty/netty-common/4.1.77.Final/netty-common-4.1.77.Final.jar:/Users/ching-anwu/.m2/repository/io/netty/netty-resolver/4.1.77.Final/netty-resolver-4.1.77.Final.jar:/Users/ching-anwu/.m2/repository/io/netty/netty-buffer/4.1.77.Final/netty-buffer-4.1.77.Final.jar:/Users/ching-anwu/.m2/repository/io/netty/netty-transport/4.1.77.Final/netty-transport-4.1.77.Final.jar:/Users/ching-anwu/.m2/repository/io/netty/netty-codec/4.1.77.Final/netty-codec-4.1.77.Final.jar:/Users/ching-anwu/.m2/repository/jakarta/xml/bind/jakarta.xml.bind-api/2.3.3/jakarta.xml.bind-api-2.3.3.jar:/Users/ching-anwu/.m2/repository/jakarta/activation/jakarta.activation-api/1.2.2/jakarta.activation-api-1.2.2.jar:/Users/ching-anwu/.m2/repository/org/glassfish/jaxb/jaxb-runtime/2.3.5/jaxb-runtime-2.3.5.jar:/Users/ching-anwu/.m2/repository/org/glassfish/jaxb/txw2/2.3.5/txw2-2.3.5.jar:/Users/ching-anwu/.m2/repository/com/sun/istack/istack-commons-runtime/3.0.12/istack-commons-runtime-3.0.12.jar:/Users/ching-anwu/.m2/repository/com/sun/activation/jakarta.activation/1.2.2/jakarta.activation-1.2.2.jar:/Users/ching-anwu/.m2/repository/org/junit/vintage/junit-vintage-engine/5.8.2/junit-vintage-engine-5.8.2.jar:/Users/ching-anwu/.m2/repository/junit/junit/4.13.2/junit-4.13.2.jar:/Users/ching-anwu/.m2/repository/org/hamcrest/hamcrest-core/1.3/hamcrest-core-1.3.jar:/Users/ching-anwu/.m2/repository/org/junit/jupiter/junit-jupiter-params/5.8.2/junit-jupiter-params-5.8.2.jar:/Users/ching-anwu/.m2/repository/org/mockito/mockito-core/3.11.2/mockito-core-3.11.2.jar:/Users/ching-anwu/.m2/repository/net/bytebuddy/byte-buddy/1.11.3/byte-buddy-1.11.3.jar:/Users/ching-anwu/.m2/repository/net/bytebuddy/byte-buddy-agent/1.11.3/byte-buddy-agent-1.11.3.jar:/Users/ching-anwu/.m2/repository/org/objenesis/objenesis/3.2/objenesis-3.2.jar:/Users/ching-anwu/.m2/repository/org/mockito/mockito-junit-jupiter/3.11.2/mockito-junit-jupiter-3.11.2.jar:/Users/ching-anwu/.m2/repository/org/codehaus/groovy/groovy-test/3.0.8/groovy-test-3.0.8.jar:/Users/ching-anwu/.m2/repository/org/codehaus/groovy/groovy/3.0.8/groovy-3.0.8.jar:"/>
    <property name="java.vm.vendor" value="Oracle Corporation"/>
    <property name="sun.arch.data.model" value="64"/>
    <property name="java.vendor.url" value="https://java.oracle.com/"/>
    <property name="os.name" value="Mac OS X"/>
    <property name="java.vm.specification.version" value="18"/>
    <property name="sun.java.launcher" value="SUN_STANDARD"/>
    <property name="user.country" value="DE"/>
    <property name="sun.boot.library.path" value="/Users/ching-anwu/Library/Java/JavaVirtualMachines/openjdk-18/Contents/Home/lib"/>
    <property name="sun.java.command" value="/Users/ching-anwu/sample-controller/nifi-sample/target/surefire/surefirebooter3695157214963399137.jar /Users/ching-anwu/sample-controller/nifi-sample/target/surefire 2022-12-09T15-53-40_548-jvmRun1 surefire14442538908763124228tmp surefire_012869631348668300204tmp"/>
    <property name="http.nonProxyHosts" value="local|*.local|169.254/16|*.169.254/16"/>
    <property name="jdk.debug" value="release"/>
    <property name="surefire.test.class.path" value="/Users/ching-anwu/sample-controller/nifi-sample/target/test-classes:/Users/ching-anwu/sample-controller/nifi-sample/target/classes:/Users/ching-anwu/sample-controller/nifi-sample-api/target/nifi-sample-api-1.0.jar:/Users/ching-anwu/.m2/repository/org/apache/nifi/nifi-api/1.16.3/nifi-api-1.16.3.jar:/Users/ching-anwu/.m2/repository/org/apache/nifi/nifi-mock/1.16.3/nifi-mock-1.16.3.jar:/Users/ching-anwu/.m2/repository/org/apache/nifi/nifi-framework-api/1.16.3/nifi-framework-api-1.16.3.jar:/Users/ching-anwu/.m2/repository/org/apache/nifi/nifi-parameter/1.16.3/nifi-parameter-1.16.3.jar:/Users/ching-anwu/.m2/repository/org/apache/nifi/nifi-utils/1.16.3/nifi-utils-1.16.3.jar:/Users/ching-anwu/.m2/repository/org/apache/nifi/nifi-framework-core-api/1.16.3/nifi-framework-core-api-1.16.3.jar:/Users/ching-anwu/.m2/repository/org/apache/nifi/nifi-framework-nar-utils/1.16.3/nifi-framework-nar-utils-1.16.3.jar:/Users/ching-anwu/.m2/repository/org/apache/nifi/nifi-runtime-manifest-core/1.16.3/nifi-runtime-manifest-core-1.16.3.jar:/Users/ching-anwu/.m2/repository/org/apache/nifi/nifi-extension-manifest-parser/1.16.3/nifi-extension-manifest-parser-1.16.3.jar:/Users/ching-anwu/.m2/repository/org/apache/nifi/nifi-client-dto/1.16.3/nifi-client-dto-1.16.3.jar:/Users/ching-anwu/.m2/repository/io/swagger/swagger-annotations/1.6.0/swagger-annotations-1.6.0.jar:/Users/ching-anwu/.m2/repository/org/apache/nifi/c2-protocol-component-api/1.16.3/c2-protocol-component-api-1.16.3.jar:/Users/ching-anwu/.m2/repository/org/apache/nifi/nifi-site-to-site-client/1.16.3/nifi-site-to-site-client-1.16.3.jar:/Users/ching-anwu/.m2/repository/org/apache/nifi/nifi-security-utils/1.16.3/nifi-security-utils-1.16.3.jar:/Users/ching-anwu/.m2/repository/org/apache/nifi/nifi-security-utils-api/1.16.3/nifi-security-utils-api-1.16.3.jar:/Users/ching-anwu/.m2/repository/org/bouncycastle/bcprov-jdk15on/1.70/bcprov-jdk15on-1.70.jar:/Users/ching-anwu/.m2/repository/org/bouncycastle/bcpkix-jdk15on/1.70/bcpkix-jdk15on-1.70.jar:/Users/ching-anwu/.m2/repository/org/bouncycastle/bcutil-jdk15on/1.70/bcutil-jdk15on-1.70.jar:/Users/ching-anwu/.m2/repository/org/apache/nifi/nifi-properties/1.16.3/nifi-properties-1.16.3.jar:/Users/ching-anwu/.m2/repository/org/apache/nifi/nifi-property-utils/1.16.3/nifi-property-utils-1.16.3.jar:/Users/ching-anwu/.m2/repository/at/favre/lib/bcrypt/0.9.0/bcrypt-0.9.0.jar:/Users/ching-anwu/.m2/repository/at/favre/lib/bytes/1.3.0/bytes-1.3.0.jar:/Users/ching-anwu/.m2/repository/org/apache/nifi/nifi-xml-processing/1.16.3/nifi-xml-processing-1.16.3.jar:/Users/ching-anwu/.m2/repository/org/apache/httpcomponents/client5/httpclient5/5.0-beta4/httpclient5-5.0-beta4.jar:/Users/ching-anwu/.m2/repository/org/apache/httpcomponents/core5/httpcore5/5.0-beta7/httpcore5-5.0-beta7.jar:/Users/ching-anwu/.m2/repository/org/apache/httpcomponents/core5/httpcore5-h2/5.0-beta7/httpcore5-h2-5.0-beta7.jar:/Users/ching-anwu/.m2/repository/org/apache/httpcomponents/httpasyncclient/4.1.4/httpasyncclient-4.1.4.jar:/Users/ching-anwu/.m2/repository/org/apache/httpcomponents/httpcore/4.4.15/httpcore-4.4.15.jar:/Users/ching-anwu/.m2/repository/org/apache/httpcomponents/httpcore-nio/4.4.10/httpcore-nio-4.4.10.jar:/Users/ching-anwu/.m2/repository/org/apache/httpcomponents/httpclient/4.5.13/httpclient-4.5.13.jar:/Users/ching-anwu/.m2/repository/org/apache/nifi/nifi-framework-authorization/1.16.3/nifi-framework-authorization-1.16.3.jar:/Users/ching-anwu/.m2/repository/org/apache/nifi/registry/nifi-registry-data-model/1.16.3/nifi-registry-data-model-1.16.3.jar:/Users/ching-anwu/.m2/repository/javax/validation/validation-api/2.0.1.Final/validation-api-2.0.1.Final.jar:/Users/ching-anwu/.m2/repository/javax/ws/rs/javax.ws.rs-api/2.1/javax.ws.rs-api-2.1.jar:/Users/ching-anwu/.m2/repository/org/apache/nifi/registry/nifi-registry-revision-entity-model/1.16.3/nifi-registry-revision-entity-model-1.16.3.jar:/Users/ching-anwu/.m2/repository/org/apache/nifi/nifi-extension-manifest-model/1.16.3/nifi-extension-manifest-model-1.16.3.jar:/Users/ching-anwu/.m2/repository/org/apache/nifi/registry/nifi-registry-client/1.16.3/nifi-registry-client-1.16.3.jar:/Users/ching-anwu/.m2/repository/org/apache/nifi/registry/nifi-registry-security-utils/1.16.3/nifi-registry-security-utils-1.16.3.jar:/Users/ching-anwu/.m2/repository/org/glassfish/jersey/core/jersey-client/2.35/jersey-client-2.35.jar:/Users/ching-anwu/.m2/repository/jakarta/ws/rs/jakarta.ws.rs-api/2.1.6/jakarta.ws.rs-api-2.1.6.jar:/Users/ching-anwu/.m2/repository/org/glassfish/hk2/external/jakarta.inject/2.6.1/jakarta.inject-2.6.1.jar:/Users/ching-anwu/.m2/repository/org/glassfish/jersey/media/jersey-media-json-jackson/2.35/jersey-media-json-jackson-2.35.jar:/Users/ching-anwu/.m2/repository/org/glassfish/jersey/ext/jersey-entity-filtering/2.35/jersey-entity-filtering-2.35.jar:/Users/ching-anwu/.m2/repository/com/fasterxml/jackson/module/jackson-module-jaxb-annotations/2.13.2/jackson-module-jaxb-annotations-2.13.2.jar:/Users/ching-anwu/.m2/repository/org/glassfish/jersey/inject/jersey-hk2/2.35/jersey-hk2-2.35.jar:/Users/ching-anwu/.m2/repository/org/glassfish/hk2/hk2-locator/2.6.1/hk2-locator-2.6.1.jar:/Users/ching-anwu/.m2/repository/org/glassfish/hk2/external/aopalliance-repackaged/2.6.1/aopalliance-repackaged-2.6.1.jar:/Users/ching-anwu/.m2/repository/org/glassfish/hk2/hk2-api/2.6.1/hk2-api-2.6.1.jar:/Users/ching-anwu/.m2/repository/org/glassfish/hk2/hk2-utils/2.6.1/hk2-utils-2.6.1.jar:/Users/ching-anwu/.m2/repository/org/javassist/javassist/3.25.0-GA/javassist-3.25.0-GA.jar:/Users/ching-anwu/.m2/repository/org/glassfish/jersey/core/jersey-common/2.35/jersey-common-2.35.jar:/Users/ching-anwu/.m2/repository/jakarta/annotation/jakarta.annotation-api/1.3.5/jakarta.annotation-api-1.3.5.jar:/Users/ching-anwu/.m2/repository/org/glassfish/hk2/osgi-resource-locator/1.0.3/osgi-resource-locator-1.0.3.jar:/Users/ching-anwu/.m2/repository/org/glassfish/jersey/media/jersey-media-multipart/2.35/jersey-media-multipart-2.35.jar:/Users/ching-anwu/.m2/repository/org/jvnet/mimepull/mimepull/1.9.13/mimepull-1.9.13.jar:/Users/ching-anwu/.m2/repository/org/apache/nifi/nifi-expression-language/1.16.3/nifi-expression-language-1.16.3.jar:/Users/ching-anwu/.m2/repository/org/antlr/antlr-runtime/3.5.2/antlr-runtime-3.5.2.jar:/Users/ching-anwu/.m2/repository/org/apache/nifi/nifi-uuid5/1.16.3/nifi-uuid5-1.16.3.jar:/Users/ching-anwu/.m2/repository/com/jayway/jsonpath/json-path/2.6.0/json-path-2.6.0.jar:/Users/ching-anwu/.m2/repository/net/minidev/json-smart/2.4.8/json-smart-2.4.8.jar:/Users/ching-anwu/.m2/repository/net/minidev/accessors-smart/2.4.8/accessors-smart-2.4.8.jar:/Users/ching-anwu/.m2/repository/org/ow2/asm/asm/9.1/asm-9.1.jar:/Users/ching-anwu/.m2/repository/org/apache/commons/commons-text/1.8/commons-text-1.8.jar:/Users/ching-anwu/.m2/repository/commons-codec/commons-codec/1.15/commons-codec-1.15.jar:/Users/ching-anwu/.m2/repository/org/apache/nifi/nifi-data-provenance-utils/1.16.3/nifi-data-provenance-utils-1.16.3.jar:/Users/ching-anwu/.m2/repository/org/slf4j/slf4j-simple/1.7.36/slf4j-simple-1.7.36.jar:/Users/ching-anwu/.m2/repository/org/slf4j/slf4j-api/1.7.36/slf4j-api-1.7.36.jar:/Users/ching-anwu/.m2/repository/org/junit/jupiter/junit-jupiter-api/5.8.2/junit-jupiter-api-5.8.2.jar:/Users/ching-anwu/.m2/repository/org/opentest4j/opentest4j/1.2.0/opentest4j-1.2.0.jar:/Users/ching-anwu/.m2/repository/org/junit/platform/junit-platform-commons/1.8.2/junit-platform-commons-1.8.2.jar:/Users/ching-anwu/.m2/repository/org/apiguardian/apiguardian-api/1.1.2/apiguardian-api-1.1.2.jar:/Users/ching-anwu/.m2/repository/org/junit/jupiter/junit-jupiter-engine/5.8.2/junit-jupiter-engine-5.8.2.jar:/Users/ching-anwu/.m2/repository/org/junit/platform/junit-platform-engine/1.8.2/junit-platform-engine-1.8.2.jar:/Users/ching-anwu/.m2/repository/org/apache/nifi/nifi-processor-utils/1.15.3/nifi-processor-utils-1.15.3.jar:/Users/ching-anwu/.m2/repository/org/apache/nifi/nifi-security-socket-ssl/1.15.3/nifi-security-socket-ssl-1.15.3.jar:/Users/ching-anwu/.m2/repository/commons-io/commons-io/2.10.0/commons-io-2.10.0.jar:/Users/ching-anwu/.m2/repository/org/apache/commons/commons-lang3/3.12.0/commons-lang3-3.12.0.jar:/Users/ching-anwu/.m2/repository/com/fasterxml/jackson/core/jackson-databind/2.13.2.2/jackson-databind-2.13.2.2.jar:/Users/ching-anwu/.m2/repository/com/fasterxml/jackson/core/jackson-annotations/2.13.2/jackson-annotations-2.13.2.jar:/Users/ching-anwu/.m2/repository/com/fasterxml/jackson/core/jackson-core/2.13.2/jackson-core-2.13.2.jar:/Users/ching-anwu/.m2/repository/org/apache/nifi/nifi-record-serialization-service-api/1.16.3/nifi-record-serialization-service-api-1.16.3.jar:/Users/ching-anwu/.m2/repository/org/apache/nifi/nifi-record/1.16.3/nifi-record-1.16.3.jar:/Users/ching-anwu/.m2/repository/org/apache/nifi/nifi-event-transport/1.15.3/nifi-event-transport-1.15.3.jar:/Users/ching-anwu/.m2/repository/io/netty/netty-handler/4.1.77.Final/netty-handler-4.1.77.Final.jar:/Users/ching-anwu/.m2/repository/io/netty/netty-common/4.1.77.Final/netty-common-4.1.77.Final.jar:/Users/ching-anwu/.m2/repository/io/netty/netty-resolver/4.1.77.Final/netty-resolver-4.1.77.Final.jar:/Users/ching-anwu/.m2/repository/io/netty/netty-buffer/4.1.77.Final/netty-buffer-4.1.77.Final.jar:/Users/ching-anwu/.m2/repository/io/netty/netty-transport/4.1.77.Final/netty-transport-4.1.77.Final.jar:/Users/ching-anwu/.m2/repository/io/netty/netty-codec/4.1.77.Final/netty-codec-4.1.77.Final.jar:/Users/ching-anwu/.m2/repository/jakarta/xml/bind/jakarta.xml.bind-api/2.3.3/jakarta.xml.bind-api-2.3.3.jar:/Users/ching-anwu/.m2/repository/jakarta/activation/jakarta.activation-api/1.2.2/jakarta.activation-api-1.2.2.jar:/Users/ching-anwu/.m2/repository/org/glassfish/jaxb/jaxb-runtime/2.3.5/jaxb-runtime-2.3.5.jar:/Users/ching-anwu/.m2/repository/org/glassfish/jaxb/txw2/2.3.5/txw2-2.3.5.jar:/Users/ching-anwu/.m2/repository/com/sun/istack/istack-commons-runtime/3.0.12/istack-commons-runtime-3.0.12.jar:/Users/ching-anwu/.m2/repository/com/sun/activation/jakarta.activation/1.2.2/jakarta.activation-1.2.2.jar:/Users/ching-anwu/.m2/repository/org/junit/vintage/junit-vintage-engine/5.8.2/junit-vintage-engine-5.8.2.jar:/Users/ching-anwu/.m2/repository/junit/junit/4.13.2/junit-4.13.2.jar:/Users/ching-anwu/.m2/repository/org/hamcrest/hamcrest-core/1.3/hamcrest-core-1.3.jar:/Users/ching-anwu/.m2/repository/org/junit/jupiter/junit-jupiter-params/5.8.2/junit-jupiter-params-5.8.2.jar:/Users/ching-anwu/.m2/repository/org/mockito/mockito-core/3.11.2/mockito-core-3.11.2.jar:/Users/ching-anwu/.m2/repository/net/bytebuddy/byte-buddy/1.11.3/byte-buddy-1.11.3.jar:/Users/ching-anwu/.m2/repository/net/bytebuddy/byte-buddy-agent/1.11.3/byte-buddy-agent-1.11.3.jar:/Users/ching-anwu/.m2/repository/org/objenesis/objenesis/3.2/objenesis-3.2.jar:/Users/ching-anwu/.m2/repository/org/mockito/mockito-junit-jupiter/3.11.2/mockito-junit-jupiter-3.11.2.jar:/Users/ching-anwu/.m2/repository/org/codehaus/groovy/groovy-test/3.0.8/groovy-test-3.0.8.jar:/Users/ching-anwu/.m2/repository/org/codehaus/groovy/groovy/3.0.8/groovy-3.0.8.jar:"/>
    <property name="sun.cpu.endian" value="little"/>
    <property name="user.home" value="/Users/ching-anwu"/>
    <property name="user.language" value="en"/>
    <property name="java.specification.vendor" value="Oracle Corporation"/>
    <property name="java.version.date" value="2022-03-22"/>
    <property name="java.home" value="/Users/ching-anwu/Library/Java/JavaVirtualMachines/openjdk-18/Contents/Home"/>
    <property name="file.separator" value="/"/>
    <property name="basedir" value="/Users/ching-anwu/sample-controller/nifi-sample"/>
    <property name="java.vm.compressedOopsMode" value="Zero based"/>
    <property name="line.separator" value="&#10;"/>
    <property name="java.vm.specification.vendor" value="Oracle Corporation"/>
    <property name="java.specification.name" value="Java Platform API Specification"/>
    <property name="java.awt.headless" value="true"/>
    <property name="apple.awt.application.name" value="ForkedBooter"/>
    <property name="surefire.real.class.path" value="/Users/ching-anwu/sample-controller/nifi-sample/target/surefire/surefirebooter3695157214963399137.jar"/>
    <property name="sun.management.compiler" value="HotSpot 64-Bit Tiered Compilers"/>
    <property name="ftp.nonProxyHosts" value="local|*.local|169.254/16|*.169.254/16"/>
    <property name="java.runtime.version" value="18+36-2087"/>
    <property name="user.name" value="ching-anwu"/>
    <property name="path.separator" value=":"/>
    <property name="os.version" value="12.6"/>
    <property name="java.runtime.name" value="OpenJDK Runtime Environment"/>
    <property name="file.encoding" value="UTF-8"/>
    <property name="java.vm.name" value="OpenJDK 64-Bit Server VM"/>
    <property name="localRepository" value="/Users/ching-anwu/.m2/repository"/>
    <property name="java.vendor.url.bug" value="https://bugreport.java.com/bugreport/"/>
    <property name="java.io.tmpdir" value="/var/folders/cx/44zfdsnd6gs2ntl2kqbf1nnw0000gq/T/"/>
    <property name="java.version" value="18"/>
    <property name="user.dir" value="/Users/ching-anwu/sample-controller/nifi-sample"/>
    <property name="os.arch" value="x86_64"/>
    <property name="java.vm.specification.name" value="Java Virtual Machine Specification"/>
    <property name="native.encoding" value="UTF-8"/>
    <property name="java.library.path" value="/Users/ching-anwu/Library/Java/Extensions:/Library/Java/Extensions:/Network/Library/Java/Extensions:/System/Library/Java/Extensions:/usr/lib/java:."/>
    <property name="java.vm.info" value="mixed mode, sharing"/>
    <property name="java.vendor" value="Oracle Corporation"/>
    <property name="java.vm.version" value="18+36-2087"/>
    <property name="sun.io.unicode.encoding" value="UnicodeBig"/>
    <property name="socksNonProxyHosts" value="local|*.local|169.254/16|*.169.254/16"/>
    <property name="java.class.version" value="62.0"/>
  </properties>
  <testcase name="testService" classname="com.cocus.andy.sample.TestStandardMyService" time="0.125"/>
</testsuite>